<?xml version="1.0" encoding="UTF-8"?>
<testsuite xmlns:xsi="http://www.w3.org/2001/XMLSchema-instance" xsi:noNamespaceSchemaLocation="https://maven.apache.org/surefire/maven-surefire-plugin/xsd/surefire-test-report-3.0.xsd" version="3.0" name="br.com.alura.adopet.api.domain.repository.PetRepositoryTest" time="1.755" tests="2" errors="0" skipped="0" failures="0">
  <properties>
[...]
</properties>
  <testcase name="deveVerificarSePetEstaAdotado" classname="br.com.alura.adopet.api.domain.repository.PetRepositoryTest" time="0.151">
    <system-out><![CDATA[2025-09-12T14:22:38.811-03:00  INFO 16945 --- [           main] t.c.s.AnnotationConfigContextLoaderUtils : Could not detect default configuration classes for test class [br.com.alura.adopet.api.domain.repository.PetRepositoryTest]: PetRepositoryTest does not declare any static, non-private, non-final, nested classes annotated with @Configuration.
2025-09-12T14:22:38.860-03:00  INFO 16945 --- [           main] .b.t.c.SpringBootTestContextBootstrapper : Found @SpringBootConfiguration br.com.alura.adopet.api.AdopetApiApplication for test class br.com.alura.adopet.api.domain.repository.PetRepositoryTest

  .   ____          _            __ _ _
 /\\ / ___'_ __ _ _(_)_ __  __ _ \ \ \ \
( ( )\___ | '_ | '_| | '_ \/ _` | \ \ \ \
 \\/  ___)| |_)| | | | | || (_| |  ) ) ) )
  '  |____| .__|_| |_|_| |_\__, | / / / /
 =========|_|==============|___/=/_/_/_/
 :: Spring Boot ::                (v3.1.0)

2025-09-12T14:22:38.931-03:00  INFO 16945 --- [           main] b.c.a.a.a.d.r.PetRepositoryTest          : Starting PetRepositoryTest using Java 17.0.16 with PID 16945 (started by matheus-martins in /home/matheus-martins/Documentos/PetHub/PetHub - Backend)
2025-09-12T14:22:38.932-03:00  INFO 16945 --- [           main] b.c.a.a.a.d.r.PetRepositoryTest          : No active profile set, falling back to 1 default profile: "default"
2025-09-12T14:22:39.117-03:00  INFO 16945 --- [           main] .s.d.r.c.RepositoryConfigurationDelegate : Bootstrapping Spring Data JPA repositories in DEFAULT mode.
2025-09-12T14:22:39.143-03:00  INFO 16945 --- [           main] .s.d.r.c.RepositoryConfigurationDelegate : Finished Spring Data repository scanning in 25 ms. Found 5 JPA repository interfaces.
2025-09-12T14:22:39.173-03:00  INFO 16945 --- [           main] beddedDataSourceBeanFactoryPostProcessor : Replacing 'dataSource' DataSource bean with embedded version
2025-09-12T14:22:39.259-03:00  INFO 16945 --- [           main] o.s.j.d.e.EmbeddedDatabaseFactory        : Starting embedded database: url='jdbc:h2:mem:86729b04-1f98-4af1-bf01-db8208b39aa5;DB_CLOSE_DELAY=-1;DB_CLOSE_ON_EXIT=false', username='sa'
2025-09-12T14:22:39.473-03:00  INFO 16945 --- [           main] o.f.c.i.database.base.BaseDatabaseType   : Database: jdbc:h2:mem:86729b04-1f98-4af1-bf01-db8208b39aa5 (H2 2.1)
2025-09-12T14:22:39.520-03:00  INFO 16945 --- [           main] o.f.c.i.s.JdbcTableSchemaHistory         : Schema history table "PUBLIC"."flyway_schema_history" does not exist yet
2025-09-12T14:22:39.522-03:00  INFO 16945 --- [           main] o.f.core.internal.command.DbValidate     : Successfully validated 5 migrations (execution time 00:00.007s)
2025-09-12T14:22:39.527-03:00  INFO 16945 --- [           main] o.f.c.i.s.JdbcTableSchemaHistory         : Creating Schema History table "PUBLIC"."flyway_schema_history" ...
2025-09-12T14:22:39.559-03:00  INFO 16945 --- [           main] o.f.core.internal.command.DbMigrate      : Current version of schema "PUBLIC": << Empty Schema >>
2025-09-12T14:22:39.563-03:00  INFO 16945 --- [           main] o.f.core.internal.command.DbMigrate      : Migrating schema "PUBLIC" to version "1 - create-table-abrigos"
2025-09-12T14:22:39.579-03:00  INFO 16945 --- [           main] o.f.core.internal.command.DbMigrate      : Migrating schema "PUBLIC" to version "2 - create-table-pets"
2025-09-12T14:22:39.590-03:00  INFO 16945 --- [           main] o.f.core.internal.command.DbMigrate      : Migrating schema "PUBLIC" to version "3 - create-table-tutores"
2025-09-12T14:22:39.598-03:00  INFO 16945 --- [           main] o.f.core.internal.command.DbMigrate      : Migrating schema "PUBLIC" to version "4 - create-table-adocoes"
2025-09-12T14:22:39.607-03:00  INFO 16945 --- [           main] o.f.core.internal.command.DbMigrate      : Migrating schema "PUBLIC" to version "5 - create table usuarios"
2025-09-12T14:22:39.615-03:00  INFO 16945 --- [           main] o.f.core.internal.command.DbMigrate      : Successfully applied 5 migrations to schema "PUBLIC", now at version v5 (execution time 00:00.058s)
2025-09-12T14:22:39.653-03:00  INFO 16945 --- [           main] o.hibernate.jpa.internal.util.LogHelper  : HHH000204: Processing PersistenceUnitInfo [name: default]
2025-09-12T14:22:39.662-03:00  INFO 16945 --- [           main] o.h.b.i.BytecodeProviderInitiator        : HHH000021: Bytecode provider name : bytebuddy
2025-09-12T14:22:39.662-03:00  INFO 16945 --- [           main] o.s.o.j.p.SpringPersistenceUnitInfo      : No LoadTimeWeaver setup: ignoring JPA class transformer
2025-09-12T14:22:39.664-03:00  INFO 16945 --- [           main] org.hibernate.orm.dialect                : HHH035001: Using dialect: org.hibernate.dialect.MySQL8Dialect, version: 8.0
2025-09-12T14:22:39.665-03:00  WARN 16945 --- [           main] org.hibernate.orm.deprecation            : HHH90000026: MySQL8Dialect has been deprecated; use org.hibernate.dialect.MySQLDialect instead
2025-09-12T14:22:39.702-03:00  INFO 16945 --- [           main] o.h.b.i.BytecodeProviderInitiator        : HHH000021: Bytecode provider name : bytebuddy
2025-09-12T14:22:39.883-03:00  INFO 16945 --- [           main] o.h.e.t.j.p.i.JtaPlatformInitiator       : HHH000490: Using JtaPlatform implementation: [org.hibernate.engine.transaction.jta.platform.internal.NoJtaPlatform]
Hibernate: alter table adocoes add constraint FKkkgq3gmkaomiw4wmsy87q8bap foreign key (pet_id) references pets (id)
Hibernate: alter table adocoes add constraint FKiqqmye2s16ivbmhlp2j011kwy foreign key (tutor_id) references tutores (id)
Hibernate: alter table pets add constraint FKprwv7yv1hy9spmnnlyo2xqesv foreign key (abrigo_id) references abrigos (id)
2025-09-12T14:22:39.899-03:00  INFO 16945 --- [           main] j.LocalContainerEntityManagerFactoryBean : Initialized JPA EntityManagerFactory for persistence unit 'default'
2025-09-12T14:22:40.345-03:00  INFO 16945 --- [           main] b.c.a.a.a.d.r.PetRepositoryTest          : Started PetRepositoryTest in 1.478 seconds (process running for 10.753)
Hibernate: insert into abrigos (email,nome,telefone) values (?,?,?)
Hibernate: insert into pets (abrigo_id,adotado,cor,idade,nome,peso,raca,tipo) values (?,?,?,?,?,?,?,?)
Hibernate: insert into pets (abrigo_id,adotado,cor,idade,nome,peso,raca,tipo) values (?,?,?,?,?,?,?,?)
Hibernate: select p1_0.adotado from pets p1_0 where p1_0.id=?
Hibernate: select p1_0.adotado from pets p1_0 where p1_0.id=?
]]></system-out>
  </testcase>
  <testcase name="deveRetornarPetsNaoAdotados" classname="br.com.alura.adopet.api.domain.repository.PetRepositoryTest" time="0.044">
    <system-out><![CDATA[Hibernate: insert into abrigos (email,nome,telefone) values (?,?,?)
Hibernate: insert into pets (abrigo_id,adotado,cor,idade,nome,peso,raca,tipo) values (?,?,?,?,?,?,?,?)
Hibernate: insert into pets (abrigo_id,adotado,cor,idade,nome,peso,raca,tipo) values (?,?,?,?,?,?,?,?)
Hibernate: insert into pets (abrigo_id,adotado,cor,idade,nome,peso,raca,tipo) values (?,?,?,?,?,?,?,?)
Hibernate: select p1_0.id,p1_0.abrigo_id,p1_0.adotado,p1_0.cor,p1_0.idade,p1_0.nome,p1_0.peso,p1_0.raca,p1_0.tipo from pets p1_0 where not(p1_0.adotado)
]]></system-out>
  </testcase>
</testsuite>